<?xml version="1.0" encoding="UTF-8" standalone="no"?>
<!DOCTYPE log SYSTEM "logger.dtd">
<log>
<record>
  <date>2023-08-13T17:39:16.462-0300</date>
  <logger>MARCOS DIRLEY LIMA DA SILVA</logger>
  <level>FINE</level>
  <message>File 122111000-MARCOS DIRLEY LIMA DA SILVA.zip was received. It was sent by MARCOS DIRLEY LIMA DA SILVA from IP 192.168.0.85 at 13-08-2023 17*39*16</message>
</record>
</log>
<?xml version="1.0" encoding="UTF-8" standalone="no"?>
<!DOCTYPE log SYSTEM "logger.dtd">
<log>
<record>
  <date>2023-08-14T23:28:17.719-0300</date>
  <logger>MARCOS DIRLEY LIMA DA SILVA</logger>
  <level>FINE</level>
  <message>File 122111000-MARCOS DIRLEY LIMA DA SILVA.zip was received. It was sent by MARCOS DIRLEY LIMA DA SILVA from IP 192.168.0.85 at 14-08-2023 23*28*17</message>
</record>
</log>
<?xml version="1.0" encoding="UTF-8" standalone="no"?>
<!DOCTYPE log SYSTEM "logger.dtd">
<log>
<record>
  <date>2023-08-14T23:45:55.142-0300</date>
  <logger>MARCOS DIRLEY LIMA DA SILVA</logger>
  <level>FINE</level>
  <message>File 122111000-MARCOS DIRLEY LIMA DA SILVA.zip was received. It was sent by MARCOS DIRLEY LIMA DA SILVA from IP 192.168.0.85 at 14-08-2023 23*45*55</message>
</record>
